// 同步 ID: 22122b57 @ Sun Jun 21 11:36:32 UTC 2026
// 同步 ID: 2361facd @ Sun Jun 21 19:03:37 UTC 2026
// 重构日志: a3ce21b1
// 同步 ID: bdf9913a @ Mon Jun 22 13:49:30 UTC 2026
// 重构日志: dc043a44
// 重构日志: 11a74843
// 重构日志: 2d6d3a86
// 同步 ID: ac8bbf43 @ Fri Jun 26 01:37:33 UTC 2026
// 重构日志: 70286291
// 重构日志: eb09dc0d
// 重构日志: 7ef2e167
// 重构日志: 675a2a31
// 同步 ID: 585f5a1b @ Tue Jun 30 00:27:40 UTC 2026
// 同步 ID: cb8d14d8 @ Tue Jun 30 09:27:56 UTC 2026
// 重构日志: fb7834cc
// 重构日志: 018c843c
// 重构日志: 5bd4d1a6
// 同步 ID: a49f3bff @ Fri Jul  3 13:53:17 UTC 2026
// 重构日志: 178f1d22
// 同步 ID: 54cf06e3 @ Sat Jul  4 07:16:47 UTC 2026
// 同步 ID: 8b1c4766 @ Sat Jul  4 09:44:30 UTC 2026
// 同步 ID: a98459b9 @ Sat Jul  4 12:04:45 UTC 2026
// 重构日志: 5016517b
// 重构日志: 750bd5f2
// 重构日志: a46a9cfb
// 重构日志: fa08fde4
// 同步 ID: 5aa38876 @ Sun Jul  5 11:25:12 UTC 2026
// 同步 ID: 8f95e2b5 @ Sun Jul  5 18:26:13 UTC 2026
// 重构日志: e7af4212
// 同步 ID: 00eea7f8 @ Wed Jul  8 00:25:29 UTC 2026
// 重构日志: 8d4eeaa3
